<?xml version="1.0" encoding="UTF-8"?>
<robot generator="Robot 4.1.2 (Python 3.9.5 on win32)" generated="20211213 21:53:40.359" rpa="false" schemaversion="2">
<suite id="s1" name="Tests" source="D:\Chloe\Documents\DLSU\Y3T1\STSWENG\Activity 1\tests">
<suite id="s1-s1" name="Problem User" source="D:\Chloe\Documents\DLSU\Y3T1\STSWENG\Activity 1\tests\problem_user.robot">
<test id="s1-s1-t1" name="Successful Login">
<kw name="Open Browser" library="SeleniumLibrary">
<arg>https://www.saucedemo.com</arg>
<arg>Chrome</arg>
<doc>Opens a new browser instance to the optional ``url``.</doc>
<msg timestamp="20211213 21:53:40.876" level="INFO">Opening browser 'Chrome' to base url 'https://www.saucedemo.com'.</msg>
<status status="PASS" starttime="20211213 21:53:40.876" endtime="20211213 21:53:43.460"/>
</kw>
<kw name="Maximize Browser Window" library="SeleniumLibrary">
<doc>Maximizes current browser window.</doc>
<status status="PASS" starttime="20211213 21:53:43.461" endtime="20211213 21:53:43.599"/>
</kw>
<kw name="Set Selenium Speed" library="SeleniumLibrary">
<arg>0</arg>
<doc>Sets the delay that is waited after each Selenium command.</doc>
<status status="PASS" starttime="20211213 21:53:43.600" endtime="20211213 21:53:43.600"/>
</kw>
<kw name="Page Should Contain Element" library="SeleniumLibrary">
<arg>login-button</arg>
<doc>Verifies that element ``locator`` is found on the current page.</doc>
<msg timestamp="20211213 21:53:43.630" level="INFO">Current page contains element 'login-button'.</msg>
<status status="PASS" starttime="20211213 21:53:43.601" endtime="20211213 21:53:43.630"/>
</kw>
<kw name="Input Text" library="SeleniumLibrary">
<arg>user-name</arg>
<arg>problem_user</arg>
<doc>Types the given ``text`` into the text field identified by ``locator``.</doc>
<msg timestamp="20211213 21:53:43.632" level="INFO">Typing text 'problem_user' into text field 'user-name'.</msg>
<status status="PASS" starttime="20211213 21:53:43.632" endtime="20211213 21:53:43.889"/>
</kw>
<kw name="Input Text" library="SeleniumLibrary">
<arg>password</arg>
<arg>secret_sauce</arg>
<doc>Types the given ``text`` into the text field identified by ``locator``.</doc>
<msg timestamp="20211213 21:53:43.895" level="INFO">Typing text 'secret_sauce' into text field 'password'.</msg>
<status status="PASS" starttime="20211213 21:53:43.894" endtime="20211213 21:53:44.134"/>
</kw>
<kw name="Click Button" library="SeleniumLibrary">
<arg>login-button</arg>
<doc>Clicks the button identified by ``locator``.</doc>
<msg timestamp="20211213 21:53:44.136" level="INFO">Clicking button 'login-button'.</msg>
<status status="PASS" starttime="20211213 21:53:44.135" endtime="20211213 21:53:44.441"/>
</kw>
<kw name="Element Text Should Be" library="SeleniumLibrary">
<arg>class:title</arg>
<arg>PRODUCTS</arg>
<doc>Verifies that element ``locator`` contains exact the text ``expected``.</doc>
<msg timestamp="20211213 21:53:44.443" level="INFO">Verifying element 'class:title' contains exact text 'PRODUCTS'.</msg>
<status status="PASS" starttime="20211213 21:53:44.442" endtime="20211213 21:53:44.534"/>
</kw>
<kw name="Element Text Should Be" library="SeleniumLibrary">
<arg>css:#item_4_title_link &gt; .inventory_item_name</arg>
<arg>Sauce Labs Backpack</arg>
<doc>Verifies that element ``locator`` contains exact the text ``expected``.</doc>
<msg timestamp="20211213 21:53:44.536" level="INFO">Verifying element 'css:#item_4_title_link &gt; .inventory_item_name' contains exact text 'Sauce Labs Backpack'.</msg>
<status status="PASS" starttime="20211213 21:53:44.535" endtime="20211213 21:53:44.585"/>
</kw>
<kw name="Element Attribute Value Should Be" library="SeleniumLibrary">
<arg>css:#item_4_img_link &gt; .inventory_item_img</arg>
<arg>src</arg>
<arg>https://www.saucedemo.com/static/media/sl-404.168b1cce.jpg</arg>
<doc>Verifies element identified by ``locator`` contains expected attribute value.</doc>
<msg timestamp="20211213 21:53:44.639" level="INFO">Element 'css:#item_4_img_link &gt; .inventory_item_img' attribute 'src' contains value 'https://www.saucedemo.com/static/media/sl-404.168b1cce.jpg'.</msg>
<status status="PASS" starttime="20211213 21:53:44.588" endtime="20211213 21:53:44.640"/>
</kw>
<status status="PASS" starttime="20211213 21:53:40.874" endtime="20211213 21:53:44.641"/>
</test>
<doc>A test suite with a single test for problem user login

This test follows the example using keywords from
the SeleniumLibrary</doc>
<status status="PASS" starttime="20211213 21:53:40.411" endtime="20211213 21:53:44.643"/>
</suite>
<suite id="s1-s2" name="Sorting" source="D:\Chloe\Documents\DLSU\Y3T1\STSWENG\Activity 1\tests\sorting.robot">
<test id="s1-s2-t1" name="Sort Product A to Z">
<kw name="Open Browser" library="SeleniumLibrary">
<arg>https://www.saucedemo.com</arg>
<arg>Chrome</arg>
<doc>Opens a new browser instance to the optional ``url``.</doc>
<msg timestamp="20211213 21:53:44.666" level="INFO">Opening browser 'Chrome' to base url 'https://www.saucedemo.com'.</msg>
<status status="PASS" starttime="20211213 21:53:44.665" endtime="20211213 21:53:47.080"/>
</kw>
<kw name="Maximize Browser Window" library="SeleniumLibrary">
<doc>Maximizes current browser window.</doc>
<status status="PASS" starttime="20211213 21:53:47.081" endtime="20211213 21:53:47.220"/>
</kw>
<kw name="Set Selenium Speed" library="SeleniumLibrary">
<arg>0</arg>
<doc>Sets the delay that is waited after each Selenium command.</doc>
<status status="PASS" starttime="20211213 21:53:47.221" endtime="20211213 21:53:47.222"/>
</kw>
<kw name="Page Should Contain Element" library="SeleniumLibrary">
<arg>login-button</arg>
<doc>Verifies that element ``locator`` is found on the current page.</doc>
<msg timestamp="20211213 21:53:47.254" level="INFO">Current page contains element 'login-button'.</msg>
<status status="PASS" starttime="20211213 21:53:47.224" endtime="20211213 21:53:47.255"/>
</kw>
<kw name="Input Text" library="SeleniumLibrary">
<arg>user-name</arg>
<arg>standard_user</arg>
<doc>Types the given ``text`` into the text field identified by ``locator``.</doc>
<msg timestamp="20211213 21:53:47.258" level="INFO">Typing text 'standard_user' into text field 'user-name'.</msg>
<status status="PASS" starttime="20211213 21:53:47.257" endtime="20211213 21:53:47.659"/>
</kw>
<kw name="Input Text" library="SeleniumLibrary">
<arg>password</arg>
<arg>secret_sauce</arg>
<doc>Types the given ``text`` into the text field identified by ``locator``.</doc>
<msg timestamp="20211213 21:53:47.661" level="INFO">Typing text 'secret_sauce' into text field 'password'.</msg>
<status status="PASS" starttime="20211213 21:53:47.660" endtime="20211213 21:53:47.975"/>
</kw>
<kw name="Click Button" library="SeleniumLibrary">
<arg>login-button</arg>
<doc>Clicks the button identified by ``locator``.</doc>
<msg timestamp="20211213 21:53:47.977" level="INFO">Clicking button 'login-button'.</msg>
<status status="PASS" starttime="20211213 21:53:47.976" endtime="20211213 21:53:48.394"/>
</kw>
<kw name="Select From List By Value" library="SeleniumLibrary">
<arg>css:*[data-test="product_sort_container"]</arg>
<arg>az</arg>
<doc>Selects options from selection list ``locator`` by ``values``.</doc>
<msg timestamp="20211213 21:53:48.398" level="INFO">Selecting options from selection list 'css:*[data-test="product_sort_container"]' by value az.</msg>
<status status="PASS" starttime="20211213 21:53:48.397" endtime="20211213 21:53:48.900"/>
</kw>
<kw name="List Selection Should Be" library="SeleniumLibrary">
<arg>css:*[data-test="product_sort_container"]</arg>
<arg>az</arg>
<doc>Verifies selection list ``locator`` has ``expected`` options selected.</doc>
<msg timestamp="20211213 21:53:48.901" level="INFO">Verifying list 'css:*[data-test="product_sort_container"]' has option [ az ] selected.</msg>
<msg timestamp="20211213 21:53:48.923" level="INFO">Current page contains list 'css:*[data-test="product_sort_container"]'.</msg>
<status status="PASS" starttime="20211213 21:53:48.901" endtime="20211213 21:53:49.095"/>
</kw>
<status status="PASS" starttime="20211213 21:53:44.664" endtime="20211213 21:53:49.096"/>
</test>
<test id="s1-s2-t2" name="Sort Product Z to A">
<kw name="Open Browser" library="SeleniumLibrary">
<arg>https://www.saucedemo.com</arg>
<arg>Chrome</arg>
<doc>Opens a new browser instance to the optional ``url``.</doc>
<msg timestamp="20211213 21:53:49.101" level="INFO">Opening browser 'Chrome' to base url 'https://www.saucedemo.com'.</msg>
<status status="PASS" starttime="20211213 21:53:49.100" endtime="20211213 21:53:51.738"/>
</kw>
<kw name="Maximize Browser Window" library="SeleniumLibrary">
<doc>Maximizes current browser window.</doc>
<status status="PASS" starttime="20211213 21:53:51.742" endtime="20211213 21:53:51.951"/>
</kw>
<kw name="Set Selenium Speed" library="SeleniumLibrary">
<arg>0</arg>
<doc>Sets the delay that is waited after each Selenium command.</doc>
<status status="PASS" starttime="20211213 21:53:51.952" endtime="20211213 21:53:51.953"/>
</kw>
<kw name="Page Should Contain Element" library="SeleniumLibrary">
<arg>login-button</arg>
<doc>Verifies that element ``locator`` is found on the current page.</doc>
<msg timestamp="20211213 21:53:51.983" level="INFO">Current page contains element 'login-button'.</msg>
<status status="PASS" starttime="20211213 21:53:51.954" endtime="20211213 21:53:51.983"/>
</kw>
<kw name="Input Text" library="SeleniumLibrary">
<arg>user-name</arg>
<arg>standard_user</arg>
<doc>Types the given ``text`` into the text field identified by ``locator``.</doc>
<msg timestamp="20211213 21:53:51.985" level="INFO">Typing text 'standard_user' into text field 'user-name'.</msg>
<status status="PASS" starttime="20211213 21:53:51.984" endtime="20211213 21:53:52.281"/>
</kw>
<kw name="Input Text" library="SeleniumLibrary">
<arg>password</arg>
<arg>secret_sauce</arg>
<doc>Types the given ``text`` into the text field identified by ``locator``.</doc>
<msg timestamp="20211213 21:53:52.283" level="INFO">Typing text 'secret_sauce' into text field 'password'.</msg>
<status status="PASS" starttime="20211213 21:53:52.282" endtime="20211213 21:53:52.611"/>
</kw>
<kw name="Click Button" library="SeleniumLibrary">
<arg>login-button</arg>
<doc>Clicks the button identified by ``locator``.</doc>
<msg timestamp="20211213 21:53:52.613" level="INFO">Clicking button 'login-button'.</msg>
<status status="PASS" starttime="20211213 21:53:52.612" endtime="20211213 21:53:52.917"/>
</kw>
<kw name="Select From List By Value" library="SeleniumLibrary">
<arg>css:*[data-test="product_sort_container"]</arg>
<arg>za</arg>
<doc>Selects options from selection list ``locator`` by ``values``.</doc>
<msg timestamp="20211213 21:53:52.963" level="INFO">Selecting options from selection list 'css:*[data-test="product_sort_container"]' by value za.</msg>
<status status="PASS" starttime="20211213 21:53:52.962" endtime="20211213 21:53:53.780"/>
</kw>
<kw name="List Selection Should Be" library="SeleniumLibrary">
<arg>css:*[data-test="product_sort_container"]</arg>
<arg>za</arg>
<doc>Verifies selection list ``locator`` has ``expected`` options selected.</doc>
<msg timestamp="20211213 21:53:53.781" level="INFO">Verifying list 'css:*[data-test="product_sort_container"]' has option [ za ] selected.</msg>
<msg timestamp="20211213 21:53:53.807" level="INFO">Current page contains list 'css:*[data-test="product_sort_container"]'.</msg>
<status status="PASS" starttime="20211213 21:53:53.781" endtime="20211213 21:53:53.987"/>
</kw>
<status status="PASS" starttime="20211213 21:53:49.099" endtime="20211213 21:53:53.989"/>
</test>
<test id="s1-s2-t3" name="Sort Product Price Low to High">
<kw name="Open Browser" library="SeleniumLibrary">
<arg>https://www.saucedemo.com</arg>
<arg>Chrome</arg>
<doc>Opens a new browser instance to the optional ``url``.</doc>
<msg timestamp="20211213 21:53:53.993" level="INFO">Opening browser 'Chrome' to base url 'https://www.saucedemo.com'.</msg>
<status status="PASS" starttime="20211213 21:53:53.992" endtime="20211213 21:53:57.040"/>
</kw>
<kw name="Maximize Browser Window" library="SeleniumLibrary">
<doc>Maximizes current browser window.</doc>
<status status="PASS" starttime="20211213 21:53:57.058" endtime="20211213 21:53:57.247"/>
</kw>
<kw name="Set Selenium Speed" library="SeleniumLibrary">
<arg>0</arg>
<doc>Sets the delay that is waited after each Selenium command.</doc>
<status status="PASS" starttime="20211213 21:53:57.250" endtime="20211213 21:53:57.250"/>
</kw>
<kw name="Page Should Contain Element" library="SeleniumLibrary">
<arg>login-button</arg>
<doc>Verifies that element ``locator`` is found on the current page.</doc>
<msg timestamp="20211213 21:53:57.313" level="INFO">Current page contains element 'login-button'.</msg>
<status status="PASS" starttime="20211213 21:53:57.251" endtime="20211213 21:53:57.314"/>
</kw>
<kw name="Input Text" library="SeleniumLibrary">
<arg>user-name</arg>
<arg>standard_user</arg>
<doc>Types the given ``text`` into the text field identified by ``locator``.</doc>
<msg timestamp="20211213 21:53:57.320" level="INFO">Typing text 'standard_user' into text field 'user-name'.</msg>
<status status="PASS" starttime="20211213 21:53:57.319" endtime="20211213 21:53:57.651"/>
</kw>
<kw name="Input Text" library="SeleniumLibrary">
<arg>password</arg>
<arg>secret_sauce</arg>
<doc>Types the given ``text`` into the text field identified by ``locator``.</doc>
<msg timestamp="20211213 21:53:57.662" level="INFO">Typing text 'secret_sauce' into text field 'password'.</msg>
<status status="PASS" starttime="20211213 21:53:57.661" endtime="20211213 21:53:57.937"/>
</kw>
<kw name="Click Button" library="SeleniumLibrary">
<arg>login-button</arg>
<doc>Clicks the button identified by ``locator``.</doc>
<msg timestamp="20211213 21:53:57.941" level="INFO">Clicking button 'login-button'.</msg>
<status status="PASS" starttime="20211213 21:53:57.940" endtime="20211213 21:53:58.300"/>
</kw>
<kw name="Select From List By Value" library="SeleniumLibrary">
<arg>css:*[data-test="product_sort_container"]</arg>
<arg>lohi</arg>
<doc>Selects options from selection list ``locator`` by ``values``.</doc>
<msg timestamp="20211213 21:53:58.302" level="INFO">Selecting options from selection list 'css:*[data-test="product_sort_container"]' by value lohi.</msg>
<status status="PASS" starttime="20211213 21:53:58.301" endtime="20211213 21:53:59.149"/>
</kw>
<kw name="List Selection Should Be" library="SeleniumLibrary">
<arg>css:*[data-test="product_sort_container"]</arg>
<arg>lohi</arg>
<doc>Verifies selection list ``locator`` has ``expected`` options selected.</doc>
<msg timestamp="20211213 21:53:59.151" level="INFO">Verifying list 'css:*[data-test="product_sort_container"]' has option [ lohi ] selected.</msg>
<msg timestamp="20211213 21:53:59.173" level="INFO">Current page contains list 'css:*[data-test="product_sort_container"]'.</msg>
<status status="PASS" starttime="20211213 21:53:59.150" endtime="20211213 21:53:59.345"/>
</kw>
<status status="PASS" starttime="20211213 21:53:53.991" endtime="20211213 21:53:59.348"/>
</test>
<test id="s1-s2-t4" name="Sort Product Price High to Low">
<kw name="Open Browser" library="SeleniumLibrary">
<arg>https://www.saucedemo.com</arg>
<arg>Chrome</arg>
<doc>Opens a new browser instance to the optional ``url``.</doc>
<msg timestamp="20211213 21:53:59.353" level="INFO">Opening browser 'Chrome' to base url 'https://www.saucedemo.com'.</msg>
<status status="PASS" starttime="20211213 21:53:59.352" endtime="20211213 21:54:02.424"/>
</kw>
<kw name="Maximize Browser Window" library="SeleniumLibrary">
<doc>Maximizes current browser window.</doc>
<status status="PASS" starttime="20211213 21:54:02.469" endtime="20211213 21:54:02.661"/>
</kw>
<kw name="Set Selenium Speed" library="SeleniumLibrary">
<arg>0</arg>
<doc>Sets the delay that is waited after each Selenium command.</doc>
<status status="PASS" starttime="20211213 21:54:02.667" endtime="20211213 21:54:02.668"/>
</kw>
<kw name="Page Should Contain Element" library="SeleniumLibrary">
<arg>login-button</arg>
<doc>Verifies that element ``locator`` is found on the current page.</doc>
<msg timestamp="20211213 21:54:02.715" level="INFO">Current page contains element 'login-button'.</msg>
<status status="PASS" starttime="20211213 21:54:02.669" endtime="20211213 21:54:02.715"/>
</kw>
<kw name="Input Text" library="SeleniumLibrary">
<arg>user-name</arg>
<arg>standard_user</arg>
<doc>Types the given ``text`` into the text field identified by ``locator``.</doc>
<msg timestamp="20211213 21:54:02.723" level="INFO">Typing text 'standard_user' into text field 'user-name'.</msg>
<status status="PASS" starttime="20211213 21:54:02.722" endtime="20211213 21:54:03.109"/>
</kw>
<kw name="Input Text" library="SeleniumLibrary">
<arg>password</arg>
<arg>secret_sauce</arg>
<doc>Types the given ``text`` into the text field identified by ``locator``.</doc>
<msg timestamp="20211213 21:54:03.121" level="INFO">Typing text 'secret_sauce' into text field 'password'.</msg>
<status status="PASS" starttime="20211213 21:54:03.120" endtime="20211213 21:54:03.403"/>
</kw>
<kw name="Click Button" library="SeleniumLibrary">
<arg>login-button</arg>
<doc>Clicks the button identified by ``locator``.</doc>
<msg timestamp="20211213 21:54:03.416" level="INFO">Clicking button 'login-button'.</msg>
<status status="PASS" starttime="20211213 21:54:03.415" endtime="20211213 21:54:03.778"/>
</kw>
<kw name="Select From List By Value" library="SeleniumLibrary">
<arg>css:*[data-test="product_sort_container"]</arg>
<arg>hilo</arg>
<doc>Selects options from selection list ``locator`` by ``values``.</doc>
<msg timestamp="20211213 21:54:03.808" level="INFO">Selecting options from selection list 'css:*[data-test="product_sort_container"]' by value hilo.</msg>
<status status="PASS" starttime="20211213 21:54:03.808" endtime="20211213 21:54:04.679"/>
</kw>
<kw name="List Selection Should Be" library="SeleniumLibrary">
<arg>css:*[data-test="product_sort_container"]</arg>
<arg>hilo</arg>
<doc>Verifies selection list ``locator`` has ``expected`` options selected.</doc>
<msg timestamp="20211213 21:54:04.680" level="INFO">Verifying list 'css:*[data-test="product_sort_container"]' has option [ hilo ] selected.</msg>
<msg timestamp="20211213 21:54:04.701" level="INFO">Current page contains list 'css:*[data-test="product_sort_container"]'.</msg>
<status status="PASS" starttime="20211213 21:54:04.680" endtime="20211213 21:54:04.879"/>
</kw>
<status status="PASS" starttime="20211213 21:53:59.350" endtime="20211213 21:54:04.880"/>
</test>
<doc>A test suite with a single test for sorting
This test follows the example using keywords from
the SeleniumLibrary</doc>
<status status="PASS" starttime="20211213 21:53:44.650" endtime="20211213 21:54:04.884"/>
</suite>
<suite id="s1-s3" name="Successful Login" source="D:\Chloe\Documents\DLSU\Y3T1\STSWENG\Activity 1\tests\successful_login.robot">
<test id="s1-s3-t1" name="Successful Login">
<kw name="Open Browser" library="SeleniumLibrary">
<arg>https://www.saucedemo.com</arg>
<arg>Chrome</arg>
<doc>Opens a new browser instance to the optional ``url``.</doc>
<msg timestamp="20211213 21:54:04.904" level="INFO">Opening browser 'Chrome' to base url 'https://www.saucedemo.com'.</msg>
<status status="PASS" starttime="20211213 21:54:04.903" endtime="20211213 21:54:08.232"/>
</kw>
<kw name="Maximize Browser Window" library="SeleniumLibrary">
<doc>Maximizes current browser window.</doc>
<status status="PASS" starttime="20211213 21:54:08.233" endtime="20211213 21:54:08.397"/>
</kw>
<kw name="Set Selenium Speed" library="SeleniumLibrary">
<arg>0</arg>
<doc>Sets the delay that is waited after each Selenium command.</doc>
<status status="PASS" starttime="20211213 21:54:08.398" endtime="20211213 21:54:08.399"/>
</kw>
<kw name="Page Should Contain Element" library="SeleniumLibrary">
<arg>login-button</arg>
<doc>Verifies that element ``locator`` is found on the current page.</doc>
<msg timestamp="20211213 21:54:08.436" level="INFO">Current page contains element 'login-button'.</msg>
<status status="PASS" starttime="20211213 21:54:08.399" endtime="20211213 21:54:08.437"/>
</kw>
<kw name="Input Text" library="SeleniumLibrary">
<arg>user-name</arg>
<arg>standard_user</arg>
<doc>Types the given ``text`` into the text field identified by ``locator``.</doc>
<msg timestamp="20211213 21:54:08.441" level="INFO">Typing text 'standard_user' into text field 'user-name'.</msg>
<status status="PASS" starttime="20211213 21:54:08.440" endtime="20211213 21:54:08.703"/>
</kw>
<kw name="Input Text" library="SeleniumLibrary">
<arg>password</arg>
<arg>secret_sauce</arg>
<doc>Types the given ``text`` into the text field identified by ``locator``.</doc>
<msg timestamp="20211213 21:54:08.706" level="INFO">Typing text 'secret_sauce' into text field 'password'.</msg>
<status status="PASS" starttime="20211213 21:54:08.705" endtime="20211213 21:54:08.941"/>
</kw>
<kw name="Click Button" library="SeleniumLibrary">
<arg>login-button</arg>
<doc>Clicks the button identified by ``locator``.</doc>
<msg timestamp="20211213 21:54:08.946" level="INFO">Clicking button 'login-button'.</msg>
<status status="PASS" starttime="20211213 21:54:08.945" endtime="20211213 21:54:09.402"/>
</kw>
<kw name="Element Text Should Be" library="SeleniumLibrary">
<arg>class:title</arg>
<arg>PRODUCTS</arg>
<doc>Verifies that element ``locator`` contains exact the text ``expected``.</doc>
<msg timestamp="20211213 21:54:09.452" level="INFO">Verifying element 'class:title' contains exact text 'PRODUCTS'.</msg>
<status status="PASS" starttime="20211213 21:54:09.451" endtime="20211213 21:54:09.809"/>
</kw>
<kw name="Element Text Should Be" library="SeleniumLibrary">
<arg>css:#item_4_title_link &gt; .inventory_item_name</arg>
<arg>Sauce Labs Backpack</arg>
<doc>Verifies that element ``locator`` contains exact the text ``expected``.</doc>
<msg timestamp="20211213 21:54:09.828" level="INFO">Verifying element 'css:#item_4_title_link &gt; .inventory_item_name' contains exact text 'Sauce Labs Backpack'.</msg>
<status status="PASS" starttime="20211213 21:54:09.827" endtime="20211213 21:54:10.329"/>
</kw>
<kw name="Element Attribute Value Should Be" library="SeleniumLibrary">
<arg>css:#item_4_img_link &gt; .inventory_item_img</arg>
<arg>src</arg>
<arg>https://www.saucedemo.com/static/media/sauce-backpack-1200x1500.34e7aa42.jpg</arg>
<doc>Verifies element identified by ``locator`` contains expected attribute value.</doc>
<msg timestamp="20211213 21:54:10.415" level="INFO">Element 'css:#item_4_img_link &gt; .inventory_item_img' attribute 'src' contains value 'https://www.saucedemo.com/static/media/sauce-backpack-1200x1500.34e7aa42.jpg'.</msg>
<status status="PASS" starttime="20211213 21:54:10.330" endtime="20211213 21:54:10.416"/>
</kw>
<status status="PASS" starttime="20211213 21:54:04.900" endtime="20211213 21:54:10.417"/>
</test>
<doc>A test suite with a single test for valid login

This test follows the example using keywords from
the SeleniumLibrary</doc>
<status status="PASS" starttime="20211213 21:54:04.891" endtime="20211213 21:54:10.420"/>
</suite>
<suite id="s1-s4" name="Unsuccessful Login" source="D:\Chloe\Documents\DLSU\Y3T1\STSWENG\Activity 1\tests\unsuccessful_login.robot">
<test id="s1-s4-t1" name="Unsuccessful Login">
<kw name="Open Browser" library="SeleniumLibrary">
<arg>https://www.saucedemo.com</arg>
<arg>Chrome</arg>
<doc>Opens a new browser instance to the optional ``url``.</doc>
<msg timestamp="20211213 21:54:10.440" level="INFO">Opening browser 'Chrome' to base url 'https://www.saucedemo.com'.</msg>
<status status="PASS" starttime="20211213 21:54:10.439" endtime="20211213 21:54:13.719"/>
</kw>
<kw name="Maximize Browser Window" library="SeleniumLibrary">
<doc>Maximizes current browser window.</doc>
<status status="PASS" starttime="20211213 21:54:13.721" endtime="20211213 21:54:13.885"/>
</kw>
<kw name="Set Selenium Speed" library="SeleniumLibrary">
<arg>0</arg>
<doc>Sets the delay that is waited after each Selenium command.</doc>
<status status="PASS" starttime="20211213 21:54:13.891" endtime="20211213 21:54:13.891"/>
</kw>
<kw name="Page Should Contain Element" library="SeleniumLibrary">
<arg>login-button</arg>
<doc>Verifies that element ``locator`` is found on the current page.</doc>
<msg timestamp="20211213 21:54:13.974" level="INFO">Current page contains element 'login-button'.</msg>
<status status="PASS" starttime="20211213 21:54:13.894" endtime="20211213 21:54:13.975"/>
</kw>
<kw name="Input Text" library="SeleniumLibrary">
<arg>user-name</arg>
<arg>locked_out_user</arg>
<doc>Types the given ``text`` into the text field identified by ``locator``.</doc>
<msg timestamp="20211213 21:54:13.976" level="INFO">Typing text 'locked_out_user' into text field 'user-name'.</msg>
<status status="PASS" starttime="20211213 21:54:13.976" endtime="20211213 21:54:14.329"/>
</kw>
<kw name="Input Text" library="SeleniumLibrary">
<arg>password</arg>
<arg>secret_sauce</arg>
<doc>Types the given ``text`` into the text field identified by ``locator``.</doc>
<msg timestamp="20211213 21:54:14.332" level="INFO">Typing text 'secret_sauce' into text field 'password'.</msg>
<status status="PASS" starttime="20211213 21:54:14.331" endtime="20211213 21:54:14.739"/>
</kw>
<kw name="Click Button" library="SeleniumLibrary">
<arg>login-button</arg>
<doc>Clicks the button identified by ``locator``.</doc>
<msg timestamp="20211213 21:54:14.742" level="INFO">Clicking button 'login-button'.</msg>
<status status="PASS" starttime="20211213 21:54:14.742" endtime="20211213 21:54:14.928"/>
</kw>
<kw name="Element Text Should Be" library="SeleniumLibrary">
<arg>css:*[data-test="error"]</arg>
<arg>Epic sadface: Sorry, this user has been locked out.</arg>
<doc>Verifies that element ``locator`` contains exact the text ``expected``.</doc>
<msg timestamp="20211213 21:54:14.935" level="INFO">Verifying element 'css:*[data-test="error"]' contains exact text 'Epic sadface: Sorry, this user has been locked out.'.</msg>
<status status="PASS" starttime="20211213 21:54:14.934" endtime="20211213 21:54:15.003"/>
</kw>
<status status="PASS" starttime="20211213 21:54:10.436" endtime="20211213 21:54:15.005"/>
</test>
<doc>A test suite with a single test for unsuccessful login

This test follows the example using keywords from
the SeleniumLibrary</doc>
<status status="PASS" starttime="20211213 21:54:10.426" endtime="20211213 21:54:15.010"/>
</suite>
<suite id="s1-s5" name="Wrong Password" source="D:\Chloe\Documents\DLSU\Y3T1\STSWENG\Activity 1\tests\wrong_password.robot">
<test id="s1-s5-t1" name="Unsuccessful Login">
<kw name="Open Browser" library="SeleniumLibrary">
<arg>https://www.saucedemo.com</arg>
<arg>Chrome</arg>
<doc>Opens a new browser instance to the optional ``url``.</doc>
<msg timestamp="20211213 21:54:15.027" level="INFO">Opening browser 'Chrome' to base url 'https://www.saucedemo.com'.</msg>
<status status="PASS" starttime="20211213 21:54:15.027" endtime="20211213 21:54:18.476"/>
</kw>
<kw name="Maximize Browser Window" library="SeleniumLibrary">
<doc>Maximizes current browser window.</doc>
<status status="PASS" starttime="20211213 21:54:18.478" endtime="20211213 21:54:18.609"/>
</kw>
<kw name="Set Selenium Speed" library="SeleniumLibrary">
<arg>0</arg>
<doc>Sets the delay that is waited after each Selenium command.</doc>
<status status="PASS" starttime="20211213 21:54:18.610" endtime="20211213 21:54:18.611"/>
</kw>
<kw name="Page Should Contain Element" library="SeleniumLibrary">
<arg>login-button</arg>
<doc>Verifies that element ``locator`` is found on the current page.</doc>
<msg timestamp="20211213 21:54:18.641" level="INFO">Current page contains element 'login-button'.</msg>
<status status="PASS" starttime="20211213 21:54:18.612" endtime="20211213 21:54:18.641"/>
</kw>
<kw name="Input Text" library="SeleniumLibrary">
<arg>user-name</arg>
<arg>standard_user</arg>
<doc>Types the given ``text`` into the text field identified by ``locator``.</doc>
<msg timestamp="20211213 21:54:18.643" level="INFO">Typing text 'standard_user' into text field 'user-name'.</msg>
<status status="PASS" starttime="20211213 21:54:18.642" endtime="20211213 21:54:18.904"/>
</kw>
<kw name="Input Text" library="SeleniumLibrary">
<arg>password</arg>
<arg>secretsauce</arg>
<doc>Types the given ``text`` into the text field identified by ``locator``.</doc>
<msg timestamp="20211213 21:54:18.907" level="INFO">Typing text 'secretsauce' into text field 'password'.</msg>
<status status="PASS" starttime="20211213 21:54:18.906" endtime="20211213 21:54:19.187"/>
</kw>
<kw name="Click Button" library="SeleniumLibrary">
<arg>login-button</arg>
<doc>Clicks the button identified by ``locator``.</doc>
<msg timestamp="20211213 21:54:19.189" level="INFO">Clicking button 'login-button'.</msg>
<status status="PASS" starttime="20211213 21:54:19.189" endtime="20211213 21:54:19.337"/>
</kw>
<kw name="Element Text Should Be" library="SeleniumLibrary">
<arg>css:*[data-test="error"]</arg>
<arg>Epic sadface: Username and password do not match any user in this service</arg>
<doc>Verifies that element ``locator`` contains exact the text ``expected``.</doc>
<msg timestamp="20211213 21:54:19.340" level="INFO">Verifying element 'css:*[data-test="error"]' contains exact text 'Epic sadface: Username and password do not match any user in this service'.</msg>
<status status="PASS" starttime="20211213 21:54:19.339" endtime="20211213 21:54:19.397"/>
</kw>
<status status="PASS" starttime="20211213 21:54:15.025" endtime="20211213 21:54:19.399"/>
</test>
<doc>A test suite with a single test for invalid login

This test follows the example using keywords from
the SeleniumLibrary</doc>
<status status="PASS" starttime="20211213 21:54:15.015" endtime="20211213 21:54:19.402"/>
</suite>
<status status="PASS" starttime="20211213 21:53:40.362" endtime="20211213 21:54:19.409"/>
</suite>
<statistics>
<total>
<stat pass="8" fail="0" skip="0">All Tests</stat>
</total>
<tag>
</tag>
<suite>
<stat pass="8" fail="0" skip="0" id="s1" name="Tests">Tests</stat>
<stat pass="1" fail="0" skip="0" id="s1-s1" name="Problem User">Tests.Problem User</stat>
<stat pass="4" fail="0" skip="0" id="s1-s2" name="Sorting">Tests.Sorting</stat>
<stat pass="1" fail="0" skip="0" id="s1-s3" name="Successful Login">Tests.Successful Login</stat>
<stat pass="1" fail="0" skip="0" id="s1-s4" name="Unsuccessful Login">Tests.Unsuccessful Login</stat>
<stat pass="1" fail="0" skip="0" id="s1-s5" name="Wrong Password">Tests.Wrong Password</stat>
</suite>
</statistics>
<errors>
</errors>
</robot>
